This is pdfTeX, Version 3.1415926-2.5-1.40.14 (MiKTeX 2.9) (preloaded format=pdflatex 2014.9.7)  25 JAN 2017 20:36
entering extended mode
**V2V_Paper.tex
("E:\Google Drive\IUPUI\CSCI 53700\Paper\v2vPAEB\latex\V2V_Paper.tex"
LaTeX2e <2011/06/27>
Babel <v3.8m> and hyphenation patterns for english, afrikaans, ancientgreek, ar
abic, armenian, assamese, basque, bengali, bokmal, bulgarian, catalan, coptic, 
croatian, czech, danish, dutch, esperanto, estonian, farsi, finnish, french, ga
lician, german, german-x-2013-05-26, greek, gujarati, hindi, hungarian, iceland
ic, indonesian, interlingua, irish, italian, kannada, kurmanji, latin, latvian,
 lithuanian, malayalam, marathi, mongolian, mongolianlmc, monogreek, ngerman, n
german-x-2013-05-26, nynorsk, oriya, panjabi, pinyin, polish, portuguese, roman
ian, russian, sanskrit, serbian, slovak, slovenian, spanish, swedish, swissgerm
an, tamil, telugu, turkish, turkmen, ukenglish, ukrainian, uppersorbian, usengl
ishmax, welsh, loaded.
(C:\Apps\MikTex\tex\latex\ieeetran\IEEEtran.cls
Document Class: IEEEtran 2015/08/26 V1.8b by Michael Shell
-- See the "IEEEtran_HOWTO" manual for usage information.
-- http://www.michaelshell.org/tex/ieeetran/
\@IEEEtrantmpdimenA=\dimen102
\@IEEEtrantmpdimenB=\dimen103
\@IEEEtrantmpdimenC=\dimen104
\@IEEEtrantmpcountA=\count79
\@IEEEtrantmpcountB=\count80
\@IEEEtrantmpcountC=\count81
\@IEEEtrantmptoksA=\toks14
LaTeX Font Info:    Try loading font information for OT1+ptm on input line 503.

(C:\Apps\MikTex\tex\latex\psnfss\ot1ptm.fd
File: ot1ptm.fd 2001/06/04 font definitions for OT1/ptm.
)
-- Using 8.5in x 11in (letter) paper.
-- Using PDF output.
\@IEEEnormalsizeunitybaselineskip=\dimen105
-- This is a 10 point document.
\CLASSINFOnormalsizebaselineskip=\dimen106
\CLASSINFOnormalsizeunitybaselineskip=\dimen107
\IEEEnormaljot=\dimen108
LaTeX Font Info:    Font shape `OT1/ptm/bx/n' in size <5> not available
(Font)              Font shape `OT1/ptm/b/n' tried instead on input line 1090.
LaTeX Font Info:    Font shape `OT1/ptm/bx/it' in size <5> not available
(Font)              Font shape `OT1/ptm/b/it' tried instead on input line 1090.

LaTeX Font Info:    Font shape `OT1/ptm/bx/n' in size <7> not available
(Font)              Font shape `OT1/ptm/b/n' tried instead on input line 1090.
LaTeX Font Info:    Font shape `OT1/ptm/bx/it' in size <7> not available
(Font)              Font shape `OT1/ptm/b/it' tried instead on input line 1090.

LaTeX Font Info:    Font shape `OT1/ptm/bx/n' in size <8> not available
(Font)              Font shape `OT1/ptm/b/n' tried instead on input line 1090.
LaTeX Font Info:    Font shape `OT1/ptm/bx/it' in size <8> not available
(Font)              Font shape `OT1/ptm/b/it' tried instead on input line 1090.

LaTeX Font Info:    Font shape `OT1/ptm/bx/n' in size <9> not available
(Font)              Font shape `OT1/ptm/b/n' tried instead on input line 1090.
LaTeX Font Info:    Font shape `OT1/ptm/bx/it' in size <9> not available
(Font)              Font shape `OT1/ptm/b/it' tried instead on input line 1090.

LaTeX Font Info:    Font shape `OT1/ptm/bx/n' in size <10> not available
(Font)              Font shape `OT1/ptm/b/n' tried instead on input line 1090.
LaTeX Font Info:    Font shape `OT1/ptm/bx/it' in size <10> not available
(Font)              Font shape `OT1/ptm/b/it' tried instead on input line 1090.

LaTeX Font Info:    Font shape `OT1/ptm/bx/n' in size <11> not available
(Font)              Font shape `OT1/ptm/b/n' tried instead on input line 1090.
LaTeX Font Info:    Font shape `OT1/ptm/bx/it' in size <11> not available
(Font)              Font shape `OT1/ptm/b/it' tried instead on input line 1090.

LaTeX Font Info:    Font shape `OT1/ptm/bx/n' in size <12> not available
(Font)              Font shape `OT1/ptm/b/n' tried instead on input line 1090.
LaTeX Font Info:    Font shape `OT1/ptm/bx/it' in size <12> not available
(Font)              Font shape `OT1/ptm/b/it' tried instead on input line 1090.

LaTeX Font Info:    Font shape `OT1/ptm/bx/n' in size <17> not available
(Font)              Font shape `OT1/ptm/b/n' tried instead on input line 1090.
LaTeX Font Info:    Font shape `OT1/ptm/bx/it' in size <17> not available
(Font)              Font shape `OT1/ptm/b/it' tried instead on input line 1090.

LaTeX Font Info:    Font shape `OT1/ptm/bx/n' in size <20> not available
(Font)              Font shape `OT1/ptm/b/n' tried instead on input line 1090.
LaTeX Font Info:    Font shape `OT1/ptm/bx/it' in size <20> not available
(Font)              Font shape `OT1/ptm/b/it' tried instead on input line 1090.

LaTeX Font Info:    Font shape `OT1/ptm/bx/n' in size <24> not available
(Font)              Font shape `OT1/ptm/b/n' tried instead on input line 1090.
LaTeX Font Info:    Font shape `OT1/ptm/bx/it' in size <24> not available
(Font)              Font shape `OT1/ptm/b/it' tried instead on input line 1090.

\IEEEquantizedlength=\dimen109
\IEEEquantizedlengthdiff=\dimen110
\IEEEquantizedtextheightdiff=\dimen111
\IEEEilabelindentA=\dimen112
\IEEEilabelindentB=\dimen113
\IEEEilabelindent=\dimen114
\IEEEelabelindent=\dimen115
\IEEEdlabelindent=\dimen116
\IEEElabelindent=\dimen117
\IEEEiednormlabelsep=\dimen118
\IEEEiedmathlabelsep=\dimen119
\IEEEiedtopsep=\skip41
\c@section=\count82
\c@subsection=\count83
\c@subsubsection=\count84
\c@paragraph=\count85
\c@IEEEsubequation=\count86
\abovecaptionskip=\skip42
\belowcaptionskip=\skip43
\c@figure=\count87
\c@table=\count88
\@IEEEeqnnumcols=\count89
\@IEEEeqncolcnt=\count90
\@IEEEsubeqnnumrollback=\count91
\@IEEEquantizeheightA=\dimen120
\@IEEEquantizeheightB=\dimen121
\@IEEEquantizeheightC=\dimen122
\@IEEEquantizeprevdepth=\dimen123
\@IEEEquantizemultiple=\count92
\@IEEEquantizeboxA=\box26
\@IEEEtmpitemindent=\dimen124
\IEEEPARstartletwidth=\dimen125
\c@IEEEbiography=\count93
\@IEEEtranrubishbin=\box27
) (C:\Apps\MikTex\tex\latex\graphics\graphicx.sty
Package: graphicx 1999/02/16 v1.0f Enhanced LaTeX Graphics (DPC,SPQR)

(C:\Apps\MikTex\tex\latex\graphics\keyval.sty
Package: keyval 1999/03/16 v1.13 key=value parser (DPC)
\KV@toks@=\toks15
)
(C:\Apps\MikTex\tex\latex\graphics\graphics.sty
Package: graphics 2009/02/05 v1.0o Standard LaTeX Graphics (DPC,SPQR)

(C:\Apps\MikTex\tex\latex\graphics\trig.sty
Package: trig 1999/03/16 v1.09 sin cos tan (DPC)
)
(C:\Apps\MikTex\tex\latex\00miktex\graphics.cfg
File: graphics.cfg 2007/01/18 v1.5 graphics configuration of teTeX/TeXLive
)
Package graphics Info: Driver file: pdftex.def on input line 91.

(C:\Apps\MikTex\tex\latex\pdftex-def\pdftex.def
File: pdftex.def 2011/05/27 v0.06d Graphics/color for pdfTeX

(C:\Apps\MikTex\tex\generic\oberdiek\infwarerr.sty
Package: infwarerr 2010/04/08 v1.3 Providing info/warning/error messages (HO)
)
(C:\Apps\MikTex\tex\generic\oberdiek\ltxcmds.sty
Package: ltxcmds 2011/11/09 v1.22 LaTeX kernel commands for general use (HO)
)
\Gread@gobject=\count94
))
\Gin@req@height=\dimen126
\Gin@req@width=\dimen127
)
(C:\Apps\MikTex\tex\latex\subfig\subfig.sty
Package: subfig 2005/06/28 ver: 1.3 subfig package

(C:\Apps\MikTex\tex\latex\caption\caption.sty
Package: caption 2015/09/17 v3.3-111 Customizing captions (AR)

(C:\Apps\MikTex\tex\latex\caption\caption3.sty
Package: caption3 2015/09/20 v1.7-115 caption3 kernel (AR)
Package caption3 Info: TeX engine: e-TeX on input line 57.
\captionmargin=\dimen128
\captionmargin@=\dimen129
\captionwidth=\dimen130
\caption@tempdima=\dimen131
\caption@indent=\dimen132
\caption@parindent=\dimen133
\caption@hangindent=\dimen134
Package caption Info: Unknown document class (or package),
(caption)             standard defaults will be used.
)

Package caption Warning: Unsupported document class (or package) detected,
(caption)                usage of the caption package is not recommended.
See the caption package documentation for explanation.

Package caption Info: \@makecaption = \long macro:#1#2->\ifx \@captype \@IEEEta
blestring \footnotesize \bgroup \par \centering \@IEEEtabletopskipstrut {\norma
lfont \footnotesize #1}\\{\normalfont \footnotesize \scshape #2}\par \addvspace
 {0.5\baselineskip }\egroup \@IEEEtablecaptionsepspace \else \@IEEEfigurecaptio
nsepspace \setbox \@tempboxa \hbox {\normalfont \footnotesize {#1.}\nobreakspac
e \nobreakspace #2}\ifdim \wd \@tempboxa >\hsize \setbox \@tempboxa \hbox {\nor
malfont \footnotesize {#1.}\nobreakspace \nobreakspace }\parbox [t]{\hsize }{\n
ormalfont \footnotesize \noindent \unhbox \@tempboxa #2}\else \ifCLASSOPTIONcon
ference \hbox to\hsize {\normalfont \footnotesize \hfil \box \@tempboxa \hfil }
\else \hbox to\hsize {\normalfont \footnotesize \box \@tempboxa \hfil }\fi \fi 
\fi .
\c@ContinuedFloat=\count95
)
\c@KVtest=\count96
\sf@farskip=\skip44
\sf@captopadj=\dimen135
\sf@capskip=\skip45
\sf@nearskip=\skip46
\c@subfigure=\count97
\c@subfigure@save=\count98
\c@lofdepth=\count99
\c@subtable=\count100
\c@subtable@save=\count101
\c@lotdepth=\count102
\sf@top=\skip47
\sf@bottom=\skip48
) (C:\Apps\MikTex\tex\latex\lipsum\lipsum.sty
Package: lipsum 2014/07/27 v1.3 150 paragraphs of Lorem Ipsum dummy text
\c@lips@count=\count103
)
(C:\Apps\MikTex\tex\latex\tools\multicol.sty
Package: multicol 2011/06/27 v1.7a multicolumn formatting (FMi)
\c@tracingmulticols=\count104
\mult@box=\box28
\multicol@leftmargin=\dimen136
\c@unbalance=\count105
\c@collectmore=\count106
\doublecol@number=\count107
\multicoltolerance=\count108
\multicolpretolerance=\count109
\full@width=\dimen137
\page@free=\dimen138
\premulticols=\dimen139
\postmulticols=\dimen140
\multicolsep=\skip49
\multicolbaselineskip=\skip50
\partial@page=\box29
\last@line=\box30
\mult@rightbox=\box31
\mult@grightbox=\box32
\mult@gfirstbox=\box33
\mult@firstbox=\box34
\@tempa=\box35
\@tempa=\box36
\@tempa=\box37
\@tempa=\box38
\@tempa=\box39
\@tempa=\box40
\@tempa=\box41
\@tempa=\box42
\@tempa=\box43
\@tempa=\box44
\@tempa=\box45
\@tempa=\box46
\@tempa=\box47
\@tempa=\box48
\@tempa=\box49
\@tempa=\box50
\@tempa=\box51
\c@columnbadness=\count110
\c@finalcolumnbadness=\count111
\last@try=\dimen141
\multicolovershoot=\dimen142
\multicolundershoot=\dimen143
\mult@nat@firstbox=\box52
\colbreak@box=\box53
\multicol@sort@counter=\count112
)
(C:\Apps\MikTex\tex\latex\cite\cite.sty
LaTeX Info: Redefining \cite on input line 302.
LaTeX Info: Redefining \nocite on input line 332.
Package: cite 2015/02/27  v 5.5
)
("E:\Google Drive\IUPUI\CSCI 53700\Paper\v2vPAEB\latex\V2V_Paper.aux")
LaTeX Font Info:    Checking defaults for OML/cmm/m/it on input line 320.
LaTeX Font Info:    ... okay on input line 320.
LaTeX Font Info:    Checking defaults for T1/cmr/m/n on input line 320.
LaTeX Font Info:    ... okay on input line 320.
LaTeX Font Info:    Checking defaults for OT1/cmr/m/n on input line 320.
LaTeX Font Info:    ... okay on input line 320.
LaTeX Font Info:    Checking defaults for OMS/cmsy/m/n on input line 320.
LaTeX Font Info:    ... okay on input line 320.
LaTeX Font Info:    Checking defaults for OMX/cmex/m/n on input line 320.
LaTeX Font Info:    ... okay on input line 320.
LaTeX Font Info:    Checking defaults for U/cmr/m/n on input line 320.
LaTeX Font Info:    ... okay on input line 320.

-- Lines per column: 56 (exact).
(C:\Apps\MikTex\tex\context\base\supp-pdf.mkii
[Loading MPS to PDF converter (version 2006.09.02).]
\scratchcounter=\count113
\scratchdimen=\dimen144
\scratchbox=\box54
\nofMPsegments=\count114
\nofMParguments=\count115
\everyMPshowfont=\toks16
\MPscratchCnt=\count116
\MPscratchDim=\dimen145
\MPnumerator=\count117
\makeMPintoPDFobject=\count118
\everyMPtoPDFconversion=\toks17
)
Package caption Info: Begin \AtBeginDocument code.
Package caption Info: subfig package v1.3 is loaded.
Package caption Info: End \AtBeginDocument code.
 <V2VPAEB_Scenario.png, id=1, 2715.14375pt x 2112.89375pt>
File: V2VPAEB_Scenario.png Graphic file (type png)

<use V2VPAEB_Scenario.png>
Package pdftex.def Info: V2VPAEB_Scenario.png used on input line 415.
(pdftex.def)             Requested size: 252.94499pt x 196.82594pt.

Overfull \hbox (0.94499pt too wide) in paragraph at lines 415--416
 [][] 
 []

Missing character: There is no â in font ptmr7t!
Missing character: There is no € in font ptmr7t!
Missing character: There is no “ in font ptmr7t!
Missing character: There is no â in font ptmr7t!
Missing character: There is no € in font ptmr7t!
Missing character: There is no ™ in font ptmr7t!

Underfull \hbox (badness 10000) in paragraph at lines 429--436

 []


Underfull \hbox (badness 2818) in paragraph at lines 429--436
\OT1/ptm/m/n/10 "Trust is the will-ing-ness of the trustor (eval-u-a-tor) to
 []


Underfull \hbox (badness 10000) in paragraph at lines 429--436

 []

[1{C:/ProgramData/MiKTeX/2.9/pdftex/config/pdftex.map}


 <E:/Google Drive/IUPUI/CSCI 53700/Paper/v2vPAEB/latex/V2VPAEB_Scenario.png>]
<Trust_Management_System.png, id=11, 254.45062pt x 216.81pt>
File: Trust_Management_System.png Graphic file (type png)

<use Trust_Management_System.png>
Package pdftex.def Info: Trust_Management_System.png used on input line 441.
(pdftex.def)             Requested size: 252.94499pt x 215.53578pt.

Overfull \hbox (0.94499pt too wide) in paragraph at lines 441--442
 [][] 
 []

Missing character: There is no â in font ptmr7t!
Missing character: There is no € in font ptmr7t!
Missing character: There is no ™ in font ptmr7t!
<V2V_Tust_Management_System.png, id=12, 715.92468pt x 299.61937pt>
File: V2V_Tust_Management_System.png Graphic file (type png)

<use V2V_Tust_Management_System.png>
Package pdftex.def Info: V2V_Tust_Management_System.png used on input line 465.

(pdftex.def)             Requested size: 516.0pt x 215.96352pt.

<Trust_Model.png, id=13, 398.99063pt x 398.99063pt>
File: Trust_Model.png Graphic file (type png)
 <use Trust_Model.png>
Package pdftex.def Info: Trust_Model.png used on input line 479.
(pdftex.def)             Requested size: 252.94499pt x 252.94833pt.

Overfull \hbox (0.94499pt too wide) in paragraph at lines 479--480
 [][] 
 []

[2 <E:/Google Drive/IUPUI/CSCI 53700/Paper/v2vPAEB/latex/Trust_Management_Syste
m.png> <E:/Google Drive/IUPUI/CSCI 53700/Paper/v2vPAEB/latex/Trust_Model.png>]
[3 <E:/Google Drive/IUPUI/CSCI 53700/Paper/v2vPAEB/latex/V2V_Tust_Management_Sy
stem.png>] <trust_norminal.png, id=24, 421.575pt x 316.18124pt>
File: trust_norminal.png Graphic file (type png)

<use trust_norminal.png>
Package pdftex.def Info: trust_norminal.png used on input line 534.
(pdftex.def)             Requested size: 252.94499pt x 189.7102pt.

Overfull \hbox (0.94499pt too wide) in paragraph at lines 534--535
 [][] 
 []

<trust_outside_profile.png, id=25, 421.575pt x 316.18124pt>
File: trust_outside_profile.png Graphic file (type png)

<use trust_outside_profile.png>
Package pdftex.def Info: trust_outside_profile.png used on input line 541.
(pdftex.def)             Requested size: 252.94499pt x 189.7102pt.

Overfull \hbox (0.94499pt too wide) in paragraph at lines 541--542
 [][] 
 []

<trust_collision.png, id=26, 421.575pt x 316.18124pt>
File: trust_collision.png Graphic file (type png)

<use trust_collision.png>
Package pdftex.def Info: trust_collision.png used on input line 548.
(pdftex.def)             Requested size: 252.94499pt x 189.7102pt.

Overfull \hbox (0.94499pt too wide) in paragraph at lines 548--549
 [][] 
 []


LaTeX Warning: `h' float specifier changed to `ht'.

("E:\Google Drive\IUPUI\CSCI 53700\Paper\v2vPAEB\latex\V2V_Paper.bbl"
Missing character: There is no â in font ptmr7t!
Missing character: There is no € in font ptmr7t!
Missing character: There is no ¢ in font ptmr7t!
)

** Conference Paper **
Before submitting the final camera ready copy, remember to:

 1. Manually equalize the lengths of two columns on the last page
 of your paper;

 2. Ensure that any PostScript and/or PDF output post-processing
 uses only Type 1 fonts and that every step in the generation
 process uses the appropriate paper size.

[4 <E:/Google Drive/IUPUI/CSCI 53700/Paper/v2vPAEB/latex/trust_norminal.png (PN
G copy)> <E:/Google Drive/IUPUI/CSCI 53700/Paper/v2vPAEB/latex/trust_outside_pr
ofile.png (PNG copy)> <E:/Google Drive/IUPUI/CSCI 53700/Paper/v2vPAEB/latex/tru
st_collision.png (PNG copy)>]
("E:\Google Drive\IUPUI\CSCI 53700\Paper\v2vPAEB\latex\V2V_Paper.aux") ) 
Here is how much of TeX's memory you used:
 3575 strings out of 493921
 58657 string characters out of 3152490
 220866 words of memory out of 3000000
 6873 multiletter control sequences out of 15000+200000
 34143 words of font info for 63 fonts, out of 3000000 for 9000
 844 hyphenation exceptions out of 8191
 44i,7n,42p,1381b,247s stack positions out of 5000i,500n,10000p,200000b,50000s
{C:/App
s/MikTex/fonts/enc/dvips/fontname/8r.enc}<C:/Apps/MikTex/fonts/type1/urw/times/
utmb8a.pfb><C:/Apps/MikTex/fonts/type1/urw/times/utmbi8a.pfb><C:/Apps/MikTex/fo
nts/type1/urw/times/utmr8a.pfb><C:/Apps/MikTex/fonts/type1/urw/times/utmri8a.pf
b>
Output written on V2V_Paper.pdf (4 pages, 11377433 bytes).
PDF statistics:
 44 PDF objects out of 1000 (max. 8388607)
 0 named destinations out of 1000 (max. 500000)
 36 words of extra memory for PDF output out of 10000 (max. 10000000)

